<?xml version="1.0" encoding="UTF-8"?>
<testsuite xmlns:xsi="http://www.w3.org/2001/XMLSchema-instance" xsi:noNamespaceSchemaLocation="https://maven.apache.org/surefire/maven-surefire-plugin/xsd/surefire-test-report.xsd" name="placeOption.TestRunner" time="14.747" tests="2" errors="0" skipped="0" failures="0">
  <properties>
[...]
</properties>
  <testcase name="Verify if place is being succesfully added by  using AddPlaceAPI" classname="Validating Place API&apos;s&apos;" time="11.801"/>
  <testcase name="Verify if place is being delete" classname="Validating Place API&apos;s&apos;" time="2.39"/>
</testsuite>